\BOOKMARK [0][-]{chapter.1}{\376\377\000I\000n\000f\000o\000r\000m\000a\000c\000i\000\363\000n}{}% 1
\BOOKMARK [1][-]{section.1.1}{\376\377\000\332\000t\000i\000l\000e\000s\000\040\000e\000s\000c\000o\000l\000a\000r\000e\000s}{chapter.1}% 2
\BOOKMARK [1][-]{section.1.2}{\376\377\000P\000o\000r\000c\000e\000n\000t\000a\000j\000e\000\040\000d\000e\000\040\000n\000o\000t\000a\000s\000\040\000\045}{chapter.1}% 3
\BOOKMARK [1][-]{section.1.3}{\376\377\000E\000q\000u\000i\000v\000a\000l\000e\000n\000c\000i\000a\000\040\000c\000a\000l\000i\000f\000i\000c\000a\000c\000i\000\363\000n\000\040\000I\000N\000S\000T\000R\000U\000I\000M\000O\000S}{chapter.1}% 4
\BOOKMARK [1][-]{section.1.4}{\376\377\000S\000e\000l\000l\000o\000\040\000d\000o\000c\000e\000n\000t\000e}{chapter.1}% 5
\BOOKMARK [1][-]{section.1.5}{\376\377\000A\000c\000c\000e\000s\000o\000\040\000a\000l\000\040\000p\000o\000r\000t\000a\000l\000\040\000d\000e\000n\000t\000r\000o\000\040\000y\000\040\000f\000u\000e\000r\000a\000\040\000d\000e\000l\000\040\000a\000u\000l\000a}{chapter.1}% 6
\BOOKMARK [1][-]{section.1.6}{\376\377\000M\000o\000d\000e\000l\000o\000\040\000d\000e\000\040\000a\000l\000m\000a\000c\000e\000n\000a\000m\000i\000e\000n\000t\000o\000\040\000G\000o\000o\000g\000l\000e\000\040\000W\000o\000r\000k\000S\000p\000a\000c\000e\000\256}{chapter.1}% 7
\BOOKMARK [1][-]{section.1.7}{\376\377\000A\000c\000c\000e\000s\000o\000\040\000a\000l\000\040\000a\000u\000l\000a\000\040\0001\0001\0005\000\040\000e\000n\000\040\000c\000o\000n\000t\000r\000a\000j\000o\000r\000n\000a\000d\000a}{chapter.1}% 8
\BOOKMARK [1][-]{section.1.8}{\376\377\000A\000c\000c\000e\000s\000o\000\040\000d\000e\000\040\000e\000s\000t\000u\000d\000i\000a\000n\000t\000e\000s\000\040\000a\000l\000\040\000P\000C}{chapter.1}% 9
\BOOKMARK [1][-]{section.1.9}{\376\377\000E\000s\000t\000r\000u\000c\000t\000u\000r\000a\000\040\000c\000a\000r\000p\000e\000t\000a\000\040\000d\000e\000\040\000e\000v\000i\000d\000e\000n\000c\000i\000a\000s}{chapter.1}% 10
\BOOKMARK [1][-]{section.1.10}{\376\377\000A\000c\000t\000i\000v\000i\000d\000a\000d\000e\000s\000\040\000i\000n\000i\000c\000i\000o\000\040\000d\000e\000\040\000a\000\361\000o\000\040\000e\000s\000c\000o\000l\000a\000r}{chapter.1}% 11
\BOOKMARK [0][-]{chapter.2}{\376\377\000R\000e\000g\000l\000a\000s\000\040\000d\000e\000l\000\040\000a\000u\000l\000a}{}% 12
\BOOKMARK [1][-]{section.2.1}{\376\377\000P\000R\000\330\000H\000I\000B\000I\000C\000I\000O\000N\000E\000S}{chapter.2}% 13
\BOOKMARK [1][-]{section.2.2}{\376\377\000\277\000Q\000u\000\351\000\040\000p\000a\000s\000a\000\040\000s\000i\000\040\000s\000e\000\040\000i\000n\000c\000u\000m\000p\000l\000e\000n\000\040\000l\000a\000s\000\040\000r\000e\000g\000l\000a\000s\000?}{chapter.2}% 14
\BOOKMARK [1][-]{section.2.3}{\376\377\000\277\000Q\000u\000\351\000\040\000p\000a\000s\000a\000\040\000s\000i\000\040\000e\000l\000\040\000i\000n\000c\000u\000m\000p\000l\000i\000m\000i\000e\000n\000t\000o\000\040\000e\000s\000\040\000r\000e\000i\000t\000e\000r\000a\000t\000i\000v\000o\000?}{chapter.2}% 15
\BOOKMARK [0][-]{chapter.3}{\376\377\000L\000\363\000g\000i\000c\000a\000\040\000c\000o\000m\000p\000u\000t\000a\000c\000i\000o\000n\000a\000l\000\040\0008}{}% 16
\BOOKMARK [1][-]{section.3.1}{\376\377\000P\000e\000r\000i\000o\000d\000o\000\040\0000\0001}{chapter.3}% 17
\BOOKMARK [2][-]{subsection.3.1.1}{\376\377\000C\000o\000n\000t\000e\000n\000i\000d\000o\000s}{section.3.1}% 18
\BOOKMARK [3][-]{subsubsection*.3}{\376\377\000G\000u\000\355\000a\000\040\0000\0001\000:\000\040\000L\000\363\000g\000i\000c\000a\000\040\000c\000o\000m\000p\000u\000t\000a\000c\000i\000o\000n\000a\000l}{subsection.3.1.1}% 19
\BOOKMARK [4][-]{paragraph*.4}{\376\377\000M\000e\000n\000s\000a\000j\000e\000\040\000d\000e\000l\000\040\000a\000u\000t\000o\000r}{subsubsection*.3}% 20
\BOOKMARK [4][-]{paragraph*.5}{\376\377\000A\0000\0000\000:\000\040\000I\000n\000t\000r\000o\000d\000u\000c\000c\000i\000\363\000n\000\040\000\050\000+\0000\000,\0001\000\051}{subsubsection*.3}% 21
\BOOKMARK [4][-]{paragraph*.6}{\376\377\000A\0000\0001\000:\000\040\000C\000o\000n\000c\000e\000p\000t\000o\000\040\000d\000e\000\040\000h\000a\000r\000d\000w\000a\000r\000e\000\040\000\050\000+\0000\000,\0001\000\051}{subsubsection*.3}% 22
\BOOKMARK [4][-]{paragraph*.7}{\376\377\000A\0000\0002\000:\000\040\000L\000a\000\040\000C\000P\000U\000\040\000\050\000+\0000\000,\0001\000\051}{subsubsection*.3}% 23
\BOOKMARK [4][-]{paragraph*.8}{\376\377\000A\0000\0003\000:\000\040\000M\000e\000m\000o\000r\000i\000a\000\040\000R\000A\000M\000\040\000\050\000+\0000\000,\0001\000\051}{subsubsection*.3}% 24
\BOOKMARK [4][-]{paragraph*.9}{\376\377\000A\0000\0004\000:\000\040\000C\000P\000U\000\040\000\046\000\040\000R\000A\000M\000\040\000\050\000+\0000\000,\0005\000\051}{subsubsection*.3}% 25
\BOOKMARK [4][-]{paragraph*.10}{\376\377\000A\0000\0005\000:\000\040\000S\000o\000f\000t\000w\000a\000r\000e\000\040\000\050\000+\0000\000,\0002\000\051}{subsubsection*.3}% 26
\BOOKMARK [4][-]{paragraph*.11}{\376\377\000A\0000\0006\000:\000\040\000S\000i\000s\000t\000e\000m\000a\000\040\000c\000o\000m\000p\000u\000t\000a\000c\000i\000o\000n\000a\000l\000\040\000\050\000+\0000\000,\0001\000\051}{subsubsection*.3}% 27
\BOOKMARK [4][-]{paragraph*.12}{\376\377\000A\0000\0007\000:\000\040\000E\000j\000e\000m\000p\000l\000o\000s\000\040\000s\000i\000s\000t\000e\000m\000a\000s\000\040\000c\000o\000m\000p\000u\000t\000a\000c\000i\000o\000n\000a\000l\000e\000s\000\040\000\050\000+\0000\000,\0005\000\051}{subsubsection*.3}% 28
\BOOKMARK [4][-]{paragraph*.13}{\376\377\000A\0000\0008\000:\000\040\000I\000n\000f\000o\000r\000m\000\341\000t\000i\000c\000a\000\040\000\050\000+\0000\000,\0001\000\051}{subsubsection*.3}% 29
\BOOKMARK [4][-]{paragraph*.14}{\376\377\000A\0000\0009\000:\000\040\000R\000a\000z\000o\000n\000a\000m\000i\000e\000n\000t\000o\000\040\000y\000\040\000l\000\363\000g\000i\000c\000a\000\040\000\050\000+\0000\000,\0001\000\051}{subsubsection*.3}% 30
\BOOKMARK [4][-]{paragraph*.15}{\376\377\000A\0001\0000\000:\000\040\000L\000\363\000g\000i\000c\000a\000\040\000c\000o\000m\000p\000u\000t\000a\000c\000i\000o\000n\000a\000l\000\040\000\050\000+\0000\000,\0001\000\051}{subsubsection*.3}% 31
\BOOKMARK [4][-]{paragraph*.16}{\376\377\000A\0001\0001\000:\000\040\000E\000x\000a\000m\000e\000n\000\040\000f\000i\000n\000a\000l\000\040\000\050\000+\0003\000,\0000\000\051}{subsubsection*.3}% 32
\BOOKMARK [3][-]{subsubsection*.17}{\376\377\000P\000l\000a\000n\000\040\000d\000e\000\040\000r\000e\000f\000u\000e\000r\000z\000o\000\040\0000\0001}{subsection.3.1.1}% 33
\BOOKMARK [4][-]{paragraph*.18}{\376\377\000H\000a\000r\000d\000w\000a\000r\000e}{subsubsection*.17}% 34
\BOOKMARK [4][-]{paragraph*.19}{\376\377\000S\000o\000f\000t\000w\000a\000r\000e}{subsubsection*.17}% 35
\BOOKMARK [4][-]{paragraph*.20}{\376\377\000S\000i\000s\000t\000e\000m\000a\000\040\000c\000o\000m\000p\000u\000t\000a\000c\000i\000o\000n\000a\000l}{subsubsection*.17}% 36
\BOOKMARK [4][-]{paragraph*.21}{\376\377\000I\000n\000f\000o\000r\000m\000\341\000t\000i\000c\000a}{subsubsection*.17}% 37
\BOOKMARK [4][-]{paragraph*.22}{\376\377\000R\000a\000z\000o\000n\000a\000r}{subsubsection*.17}% 38
\BOOKMARK [4][-]{paragraph*.23}{\376\377\000L\000\363\000g\000i\000c\000a}{subsubsection*.17}% 39
\BOOKMARK [4][-]{paragraph*.24}{\376\377\000L\000\363\000g\000i\000c\000a\000\040\000c\000o\000m\000p\000u\000t\000a\000c\000i\000o\000n\000a\000l}{subsubsection*.17}% 40
\BOOKMARK [1][-]{section.3.2}{\376\377\000R\000e\000c\000u\000r\000s\000o\000s}{chapter.3}% 41
\BOOKMARK [2][-]{subsection.3.2.1}{\376\377\000C\000o\000n\000t\000e\000n\000i\000d\000o\000s}{section.3.2}% 42
\BOOKMARK [3][-]{subsubsection*.25}{\376\377\000T\0000\0001\000:\000\040\000C\000o\000n\000c\000e\000p\000t\000o\000\040\000l\000\363\000g\000i\000c\000a\000\040\000c\000o\000m\000p\000u\000t\000a\000c\000i\000o\000n\000a\000l}{subsection.3.2.1}% 43
\BOOKMARK [4][-]{paragraph*.26}{\376\377\000\277\000Q\000u\000\351\000\040\000e\000s\000\040\000e\000l\000\040\000H\000A\000R\000D\000W\000A\000R\000E\000?}{subsubsection*.25}% 44
\BOOKMARK [5][-]{subparagraph*.28}{\376\377\000\277\000Q\000u\000\351\000\040\000e\000s\000\040\000u\000n\000a\000\040\000C\000P\000U\000?}{paragraph*.26}% 45
\BOOKMARK [5][-]{subparagraph*.29}{\376\377\000\277\000Q\000u\000\351\000\040\000e\000s\000\040\000l\000a\000\040\000M\000E\000M\000O\000R\000I\000A\000\040\000R\000A\000M\000?}{paragraph*.26}% 46
\BOOKMARK [4][-]{paragraph*.30}{\376\377\000\277\000Q\000u\000\351\000\040\000e\000s\000\040\000e\000l\000\040\000S\000O\000F\000T\000W\000A\000R\000E\000?}{subsubsection*.25}% 47
\BOOKMARK [4][-]{paragraph*.31}{\376\377\000\277\000Q\000u\000\351\000\040\000e\000s\000\040\000u\000n\000a\000\040\000S\000I\000S\000T\000E\000M\000A\000\040\000C\000O\000M\000P\000U\000T\000A\000C\000I\000O\000N\000A\000L\000?}{subsubsection*.25}% 48
\BOOKMARK [4][-]{paragraph*.33}{\376\377\000\277\000Q\000u\000\351\000\040\000e\000s\000\040\000l\000a\000\040\000I\000N\000F\000O\000R\000M\000\301\000T\000I\000C\000A\000?}{subsubsection*.25}% 49
\BOOKMARK [4][-]{paragraph*.34}{\376\377\000\277\000Q\000u\000\351\000\040\000e\000s\000\040\000R\000A\000Z\000O\000N\000A\000R\000?}{subsubsection*.25}% 50
\BOOKMARK [4][-]{paragraph*.36}{\376\377\000\277\000Q\000u\000\351\000\040\000e\000s\000\040\000l\000a\000\040\000L\000\323\000G\000I\000C\000A\000?}{subsubsection*.25}% 51
\BOOKMARK [4][-]{paragraph*.37}{\376\377\000D\000E\000F\000I\000N\000I\000C\000I\000\323\000N\000\040\000D\000E\000\040\000L\000\323\000G\000I\000C\000A\000\040\000C\000O\000M\000P\000U\000T\000A\000C\000I\000O\000N\000A\000L}{subsubsection*.25}% 52
\BOOKMARK [0][-]{chapter.4}{\376\377\000I\000n\000f\000o\000r\000m\000\341\000t\000i\000c\000a\000\040\0001\0000}{}% 53
\BOOKMARK [1][-]{section.4.1}{\376\377\000P\000e\000r\000i\000o\000d\000o\000\040\0000\0001}{chapter.4}% 54
\BOOKMARK [2][-]{subsection.4.1.1}{\376\377\000C\000o\000n\000t\000e\000n\000i\000d\000o\000s}{section.4.1}% 55
\BOOKMARK [3][-]{subsubsection*.38}{\376\377\000G\000u\000\355\000a\000\040\0000\0001\000:\000\040\000H\000i\000s\000t\000o\000r\000i\000a\000\040\000d\000e\000\040\000l\000a\000\040\000c\000o\000m\000p\000u\000t\000a\000c\000i\000\363\000n\000\040\000p\000e\000r\000s\000o\000n\000a\000l}{subsection.4.1.1}% 56
\BOOKMARK [4][-]{paragraph*.39}{\376\377\000M\000e\000n\000s\000a\000j\000e\000\040\000d\000e\000l\000\040\000a\000u\000t\000o\000r}{subsubsection*.38}% 57
\BOOKMARK [4][-]{paragraph*.40}{\376\377\000A\0000\0000\000:\000\040\000I\000n\000t\000r\000o\000d\000u\000c\000c\000i\000\363\000n\000\040\000\050\000+\0000\000,\0001\000\051}{subsubsection*.38}% 58
\BOOKMARK [4][-]{paragraph*.41}{\376\377\000A\0000\0001\000:\000\040\000O\000r\000\355\000g\000e\000n\000e\000s\000\040\000d\000e\000\040\000I\000N\000T\000E\000R\000N\000E\000T\000\040\000\050\000+\0000\000,\0001\000\051}{subsubsection*.38}% 59
\BOOKMARK [4][-]{paragraph*.42}{\376\377\000A\0000\0002\000:\000\040\000A\000R\000P\000A\000N\000E\000T\000\040\000\050\000+\0000\000,\0001\000\051}{subsubsection*.38}% 60
\BOOKMARK [4][-]{paragraph*.43}{\376\377\000A\0000\0003\000:\000\040\000P\000r\000i\000m\000e\000r\000a\000\040\000p\000\341\000g\000i\000n\000a\000\040\000w\000e\000b\000\040\000\050\000+\0000\000,\0001\000\051}{subsubsection*.38}% 61
\BOOKMARK [4][-]{paragraph*.44}{\376\377\000A\0000\0004\000:\000\040\000P\000r\000i\000m\000e\000r\000\040\000n\000a\000v\000e\000g\000a\000d\000o\000r\000\040\000M\000O\000S\000A\000I\000C\000\040\000\050\000+\0000\000,\0001\000\051}{subsubsection*.38}% 62
\BOOKMARK [4][-]{paragraph*.45}{\376\377\000A\0000\0005\000:\000\040\000O\000r\000\355\000g\000e\000n\000e\000s\000\040\000d\000e\000l\000\040\000h\000a\000r\000d\000w\000a\000r\000e\000\040\000\050\000+\0000\000,\0001\000\051}{subsubsection*.38}% 63
\BOOKMARK [4][-]{paragraph*.46}{\376\377\000A\0000\0006\000:\000\040\000A\000p\000p\000l\000e\000\040\000-\000\040\000M\000a\000c\000i\000n\000t\000o\000s\000h\000\040\000\050\000+\0000\000,\0001\000\051}{subsubsection*.38}% 64
\BOOKMARK [4][-]{paragraph*.47}{\376\377\000A\0000\0007\000:\000\040\000O\000r\000\355\000g\000e\000n\000e\000s\000\040\000d\000e\000l\000\040\000s\000o\000f\000t\000w\000a\000r\000e\000\040\000\050\000+\0000\000,\0001\000\051}{subsubsection*.38}% 65
\BOOKMARK [4][-]{paragraph*.48}{\376\377\000A\0000\0008\000:\000\040\000U\000N\000I\000X\000-\000L\000I\000N\000U\000X\000\040\000\050\000+\0000\000,\0001\000\051}{subsubsection*.38}% 66
\BOOKMARK [4][-]{paragraph*.49}{\376\377\000A\0000\0009\000:\000\040\000W\000i\000n\000d\000o\000w\000s\000\040\000\050\000+\0000\000,\0001\000\051}{subsubsection*.38}% 67
\BOOKMARK [4][-]{paragraph*.50}{\376\377\000A\0001\0000\000:\000\040\000L\000\355\000n\000e\000a\000\040\000d\000e\000\040\000t\000i\000e\000m\000p\000o\000\040\000\050\000+\0001\000,\0000\000\051}{subsubsection*.38}% 68
\BOOKMARK [4][-]{paragraph*.51}{\376\377\000A\0001\0001\000:\000\040\000E\000x\000a\000m\000e\000n\000\040\000f\000i\000n\000a\000l\000\040\000\050\000+\0003\000,\0000\000\051}{subsubsection*.38}% 69
\BOOKMARK [3][-]{subsubsection*.52}{\376\377\000P\000l\000a\000n\000\040\000d\000e\000\040\000r\000e\000f\000u\000e\000r\000z\000o\000\040\0000\0001}{subsection.4.1.1}% 70
\BOOKMARK [4][-]{paragraph*.53}{\376\377\000H\000i\000s\000t\000o\000r\000i\000a\000\040\000d\000e\000l\000\040\000I\000n\000t\000e\000r\000n\000e\000t}{subsubsection*.52}% 71
\BOOKMARK [4][-]{paragraph*.54}{\376\377\000H\000i\000s\000t\000o\000r\000i\000a\000\040\000d\000e\000l\000\040\000H\000a\000r\000d\000w\000a\000r\000e}{subsubsection*.52}% 72
\BOOKMARK [4][-]{paragraph*.55}{\376\377\000H\000i\000s\000t\000o\000r\000i\000a\000\040\000d\000e\000l\000\040\000S\000o\000f\000t\000w\000a\000r\000e}{subsubsection*.52}% 73
\BOOKMARK [1][-]{section.4.2}{\376\377\000R\000e\000c\000u\000r\000s\000o\000s}{chapter.4}% 74
\BOOKMARK [2][-]{subsection.4.2.1}{\376\377\000C\000o\000n\000t\000e\000n\000i\000d\000o\000s}{section.4.2}% 75
\BOOKMARK [3][-]{subsubsection*.56}{\376\377\000T\0000\0001\000:\000\040\000H\000i\000s\000t\000o\000r\000i\000a\000\040\000d\000e\000\040\000l\000a\000\040\000c\000o\000m\000p\000u\000t\000a\000c\000i\000\363\000n\000\040\000p\000e\000r\000s\000o\000n\000a\000l}{subsection.4.2.1}% 76
\BOOKMARK [4][-]{paragraph*.57}{\376\377\000H\000i\000s\000t\000o\000r\000i\000a\000\040\000d\000e\000l\000\040\000I\000n\000t\000e\000r\000n\000e\000t\000\040\000\050\000A\000R\000P\000A\000N\000E\000T\000\051}{subsubsection*.56}% 77
\BOOKMARK [4][-]{paragraph*.62}{\376\377\000H\000i\000s\000t\000o\000r\000i\000a\000\040\000d\000e\000l\000\040\000H\000a\000r\000d\000w\000a\000r\000e}{subsubsection*.56}% 78
\BOOKMARK [4][-]{paragraph*.68}{\376\377\000H\000i\000s\000t\000o\000r\000i\000a\000\040\000d\000e\000l\000\040\000S\000o\000f\000t\000w\000a\000r\000e}{subsubsection*.56}% 79
\BOOKMARK [0][-]{chapter.5}{\376\377\000O\000f\000i\000m\000\341\000t\000i\000c\000a\000\040\0001\0000}{}% 80
\BOOKMARK [1][-]{section.5.1}{\376\377\000P\000e\000r\000i\000o\000d\000o\000\040\0000\0001}{chapter.5}% 81
\BOOKMARK [2][-]{subsection.5.1.1}{\376\377\000C\000o\000n\000t\000e\000n\000i\000d\000o\000s}{section.5.1}% 82
\BOOKMARK [3][-]{subsubsection*.72}{\376\377\000G\000u\000\355\000a\000\040\0000\0001\000:\000\040\000O\000f\000i\000m\000\341\000t\000i\000c\000a}{subsection.5.1.1}% 83
\BOOKMARK [4][-]{paragraph*.73}{\376\377\000M\000e\000n\000s\000a\000j\000e\000\040\000d\000e\000l\000\040\000a\000u\000t\000o\000r}{subsubsection*.72}% 84
\BOOKMARK [4][-]{paragraph*.74}{\376\377\000A\0000\0000\000:\000\040\000I\000n\000t\000r\000o\000d\000u\000c\000c\000i\000\363\000n\000\040\000\050\000+\0000\000,\0001\000\051}{subsubsection*.72}% 85
\BOOKMARK [4][-]{paragraph*.75}{\376\377\000A\0000\0001\000:\000\040\000C\000o\000n\000c\000e\000p\000t\000o\000\040\000d\000e\000\040\000O\000f\000i\000m\000\341\000t\000i\000c\000a\000\040\000\050\000+\0000\000,\0001\000\051}{subsubsection*.72}% 86
\BOOKMARK [4][-]{paragraph*.76}{\376\377\000A\0000\0002\000:\000\040\000A\000n\000\341\000l\000i\000s\000i\000s\000\040\000d\000e\000\040\000c\000a\000s\000o\000s\000\040\000\050\000+\0000\000,\0001\000\051}{subsubsection*.72}% 87
\BOOKMARK [4][-]{paragraph*.77}{\376\377\000A\0000\0003\000:\000\040\000G\000o\000o\000g\000l\000e\000\040\000W\000o\000r\000k\000s\000p\000a\000c\000e\000\040\000\050\000+\0000\000,\0001\000\051}{subsubsection*.72}% 88
\BOOKMARK [4][-]{paragraph*.78}{\376\377\000A\0000\0004\000:\000\040\000M\000i\000c\000r\000o\000s\000o\000f\000t\000\040\000O\000f\000f\000i\000c\000e\000\040\000\050\000+\0000\000,\0001\000\051}{subsubsection*.72}% 89
\BOOKMARK [4][-]{paragraph*.79}{\376\377\000A\0000\0005\000:\000\040\000S\000e\000r\000v\000i\000c\000i\000o\000\040\000i\000n\000d\000i\000c\000a\000d\000o\000\040\000\050\000+\0000\000,\0005\000\051}{subsubsection*.72}% 90
\BOOKMARK [4][-]{paragraph*.80}{\376\377\000A\0000\0006\000:\000\040\000E\000x\000a\000m\000e\000n\000\040\000e\000s\000c\000r\000i\000t\000o\000\040\000\050\000+\0004\000,\0000\000\051}{subsubsection*.72}% 91
\BOOKMARK [3][-]{subsubsection*.81}{\376\377\000G\000u\000\355\000a\000\040\0000\0002\000:\000\040\000S\000o\000f\000t\000w\000a\000r\000e\000\040\000L\000i\000b\000r\000e}{subsection.5.1.1}% 92
\BOOKMARK [4][-]{paragraph*.82}{\376\377\000M\000e\000n\000s\000a\000j\000e\000\040\000d\000e\000l\000\040\000a\000u\000t\000o\000r}{subsubsection*.81}% 93
\BOOKMARK [4][-]{paragraph*.83}{\376\377\000A\0000\0000\000:\000\040\000I\000n\000t\000r\000o\000d\000u\000c\000c\000i\000\363\000n\000\040\000\050\000+\0000\000,\0001\000\051}{subsubsection*.81}% 94
\BOOKMARK [4][-]{paragraph*.84}{\376\377\000A\0000\0001\000:\000\040\000D\000e\000f\000i\000n\000i\000c\000i\000\363\000n\000\040\000d\000e\000\040\000s\000o\000f\000t\000w\000a\000r\000e\000\040\000\050\000+\0000\000,\0001\000\051}{subsubsection*.81}% 95
\BOOKMARK [4][-]{paragraph*.85}{\376\377\000A\0000\0002\000:\000\040\000I\000m\000p\000o\000r\000t\000a\000n\000c\000i\000a\000\040\000d\000e\000l\000\040\000s\000o\000f\000t\000w\000a\000r\000e\000\040\000l\000i\000b\000r\000e\000\040\000\050\000+\0000\000,\0001\000\051}{subsubsection*.81}% 96
\BOOKMARK [4][-]{paragraph*.86}{\376\377\000A\0000\0003\000:\000\040\000E\000j\000e\000m\000p\000l\000o\000s\000\040\000d\000e\000\040\000s\000o\000f\000t\000w\000a\000r\000e\000\040\000l\000i\000b\000r\000e\000\040\000\050\000+\0000\000,\0001\000\051}{subsubsection*.81}% 97
\BOOKMARK [4][-]{paragraph*.87}{\376\377\000A\0000\0004\000:\000\040\000R\000e\000l\000a\000c\000i\000\363\000n\000\040\000e\000n\000t\000r\000e\000\040\000s\000o\000f\000t\000w\000a\000r\000e\000\040\000l\000i\000b\000r\000e\000,\000\040\000s\000o\000f\000t\000w\000a\000r\000e\000\040\000p\000r\000o\000p\000i\000e\000t\000a\000r\000i\000o\000\040\000y\000\040\000s\000o\000f\000t\000w\000a\000r\000e\000\040\000p\000i\000r\000a\000t\000a\000\040\000\050\000+\0000\000,\0001\000\051}{subsubsection*.81}% 98
\BOOKMARK [4][-]{paragraph*.88}{\376\377\000A\0000\0005\000:\000\040\000A\000h\000o\000r\000r\000o\000\050\000\044\000\051\000\040\000u\000s\000a\000n\000d\000o\000\040\000s\000o\000f\000t\000w\000a\000r\000e\000\040\000l\000i\000b\000r\000e\000\040\000\050\000+\0000\000,\0002\000\051}{subsubsection*.81}% 99
\BOOKMARK [4][-]{paragraph*.89}{\376\377\000A\0000\0006\000:\000\040\000E\000l\000\040\000r\000i\000e\000s\000g\000o\000\040\000d\000e\000l\000\040\000s\000o\000f\000t\000w\000a\000r\000e\000\040\000p\000i\000r\000a\000t\000a\000\040\000\050\000+\0000\000,\0002\000\051}{subsubsection*.81}% 100
\BOOKMARK [4][-]{paragraph*.90}{\376\377\000A\0000\0007\000:\000\040\000I\000d\000e\000n\000t\000i\000f\000i\000c\000a\000c\000i\000\363\000n\000\040\000d\000e\000\040\000s\000o\000f\000t\000w\000a\000r\000e\000\040\000p\000r\000o\000p\000i\000e\000t\000a\000r\000i\000o\000\040\000y\000\040\000s\000o\000f\000t\000w\000a\000r\000e\000\040\000l\000i\000b\000r\000e\000\040\000\050\000+\0000\000,\0001\000\051}{subsubsection*.81}% 101
\BOOKMARK [4][-]{paragraph*.91}{\376\377\000A\0000\0008\000:\000\040\000C\000a\000r\000t\000a\000\040\000a\000l\000\040\000p\000r\000o\000p\000i\000e\000t\000a\000r\000i\000o\000\040\000\050\000+\0004\000,\0000\000\051}{subsubsection*.81}% 102
\BOOKMARK [3][-]{subsubsection*.92}{\376\377\000G\000u\000\355\000a\000\040\0000\0003\000:\000\040\000L\000i\000b\000r\000e\000O\000f\000f\000i\000c\000e}{subsection.5.1.1}% 103
\BOOKMARK [4][-]{paragraph*.93}{\376\377\000M\000e\000n\000s\000a\000j\000e\000\040\000d\000e\000l\000\040\000a\000u\000t\000o\000r}{subsubsection*.92}% 104
\BOOKMARK [4][-]{paragraph*.94}{\376\377\000A\0000\0000\000:\000\040\000I\000n\000t\000r\000o\000d\000u\000c\000c\000i\000\363\000n\000\040\000\050\000+\0000\000,\0002\000\051}{subsubsection*.92}% 105
\BOOKMARK [4][-]{paragraph*.95}{\376\377\000A\0000\0001\000:\000\040\000L\000i\000b\000r\000e\000O\000f\000f\000i\000c\000e\000\040\000\050\000+\0000\000,\0002\000\051}{subsubsection*.92}% 106
\BOOKMARK [4][-]{paragraph*.96}{\376\377\000A\0000\0002\000:\000\040\000P\000a\000i\000s\000e\000s\000\040\000q\000u\000e\000\040\000u\000s\000a\000n\000\040\000L\000i\000b\000r\000e\000O\000f\000f\000i\000c\000e\000\040\000\050\000+\0000\000,\0002\000\051}{subsubsection*.92}% 107
\BOOKMARK [4][-]{paragraph*.97}{\376\377\000A\0000\0003\000:\000\040\000H\000e\000r\000r\000a\000m\000i\000e\000n\000t\000a\000s\000\040\000d\000e\000\040\000L\000i\000b\000r\000e\000O\000f\000f\000i\000c\000e\000\040\000\050\000+\0000\000,\0002\000\051}{subsubsection*.92}% 108
\BOOKMARK [4][-]{paragraph*.98}{\376\377\000A\0000\0004\000:\000\040\000V\000e\000n\000t\000a\000j\000a\000s\000\040\000d\000e\000\040\000L\000i\000b\000r\000e\000O\000f\000f\000i\000c\000e\000\040\000\050\000+\0000\000,\0002\000\051}{subsubsection*.92}% 109
\BOOKMARK [4][-]{paragraph*.99}{\376\377\000A\0000\0005\000:\000\040\000E\000x\000a\000m\000e\000n\000\040\000e\000s\000c\000r\000i\000t\000o\000\040\000\050\000+\0004\000,\0000\000\051}{subsubsection*.92}% 110
\BOOKMARK [3][-]{subsubsection*.100}{\376\377\000P\000l\000a\000n\000\040\000d\000e\000\040\000r\000e\000f\000u\000e\000r\000z\000o\000\040\0000\0001}{subsection.5.1.1}% 111
\BOOKMARK [4][-]{paragraph*.101}{\376\377\000\277\000Q\000u\000\351\000\040\000e\000s\000\040\000l\000a\000\040\000o\000f\000i\000m\000\341\000t\000i\000c\000a\000?}{subsubsection*.100}% 112
\BOOKMARK [4][-]{paragraph*.102}{\376\377\000\277\000Q\000u\000\351\000\040\000e\000s\000\040\000G\000o\000o\000g\000l\000e\000\040\000W\000o\000r\000k\000s\000p\000a\000c\000e\000?}{subsubsection*.100}% 113
\BOOKMARK [4][-]{paragraph*.103}{\376\377\000\277\000Q\000u\000\351\000\040\000e\000s\000\040\000M\000i\000c\000r\000o\000s\000o\000f\000t\000\040\000O\000f\000f\000i\000c\000e\000?}{subsubsection*.100}% 114
\BOOKMARK [4][-]{paragraph*.104}{\376\377\000\277\000Q\000u\000\351\000\040\000e\000s\000\040\000e\000l\000\040\000s\000o\000f\000t\000w\000a\000r\000e\000\040\000l\000i\000b\000r\000e\000?}{subsubsection*.100}% 115
\BOOKMARK [5][-]{subparagraph*.105}{\376\377\000E\000j\000e\000m\000p\000l\000o\000s\000\040\000d\000e\000\040\000s\000o\000f\000t\000w\000a\000r\000e\000\040\000l\000i\000b\000r\000e}{paragraph*.104}% 116
\BOOKMARK [4][-]{paragraph*.106}{\376\377\000\277\000Q\000u\000\351\000\040\000e\000s\000\040\000e\000l\000\040\000s\000o\000f\000t\000w\000a\000r\000e\000\040\000p\000r\000o\000p\000i\000e\000t\000a\000r\000i\000o\000?}{subsubsection*.100}% 117
\BOOKMARK [5][-]{subparagraph*.107}{\376\377\000E\000j\000e\000m\000p\000l\000o\000s\000\040\000d\000e\000\040\000s\000o\000f\000t\000w\000a\000r\000e\000\040\000p\000r\000o\000p\000i\000e\000t\000a\000r\000i\000o}{paragraph*.106}% 118
\BOOKMARK [4][-]{paragraph*.108}{\376\377\000\277\000Q\000u\000\351\000\040\000e\000s\000\040\000e\000l\000\040\000s\000o\000f\000t\000w\000a\000r\000e\000\040\000p\000i\000r\000a\000t\000a\000?}{subsubsection*.100}% 119
\BOOKMARK [4][-]{paragraph*.109}{\376\377\000\277\000Q\000u\000\351\000\040\000e\000s\000\040\000L\000i\000b\000r\000e\000O\000f\000f\000i\000c\000e\000?}{subsubsection*.100}% 120
\BOOKMARK [1][-]{section.5.2}{\376\377\000R\000e\000c\000u\000r\000s\000o\000s}{chapter.5}% 121
\BOOKMARK [2][-]{subsection.5.2.1}{\376\377\000C\000o\000n\000t\000e\000n\000i\000d\000o\000s}{section.5.2}% 122
\BOOKMARK [3][-]{subsubsection*.110}{\376\377\000T\0000\0001\000:\000\040\000I\000n\000t\000r\000o\000d\000u\000c\000c\000i\000\363\000n\000\040\000a\000\040\000l\000a\000\040\000O\000f\000i\000m\000\341\000t\000i\000c\000a}{subsection.5.2.1}% 123
\BOOKMARK [4][-]{paragraph*.111}{\376\377\000\277\000Q\000u\000\351\000\040\000e\000s\000\040\000l\000a\000\040\000o\000f\000i\000m\000\341\000t\000i\000c\000a\000?}{subsubsection*.110}% 124
\BOOKMARK [4][-]{paragraph*.113}{\376\377\000G\000o\000o\000g\000l\000e\000\040\000W\000o\000r\000k\000s\000p\000a\000c\000e}{subsubsection*.110}% 125
\BOOKMARK [5][-]{subparagraph*.115}{\376\377\000G\000o\000o\000g\000l\000e\000\040\000O\000N\000E\000\040\000-\000\040\000A\000I\000\040\000P\000L\000U\000S\000\040\000\050\000\044\0001\0009\000,\0009\0000\0000\000/\000m\000e\000s\000\051\000\040\000\050\0002\0000\0002\0006\000\051}{paragraph*.113}% 126
\BOOKMARK [4][-]{paragraph*.116}{\376\377\000M\000i\000c\000r\000o\000s\000o\000f\000t\000\040\000O\000f\000f\000i\000c\000e}{subsubsection*.110}% 127
\BOOKMARK [5][-]{subparagraph*.118}{\376\377\000M\000I\000C\000R\000O\000S\000O\000F\000T\000\040\0003\0006\0005\000\040\000F\000a\000m\000i\000l\000y\000\040\000\050\000\044\0004\0005\0009\000,\0009\0009\0009\000/\000a\000\361\000o\000\051\000\040\000\050\0002\0000\0002\0006\000\051}{paragraph*.116}% 128
\BOOKMARK [3][-]{subsubsection*.119}{\376\377\000T\0000\0002\000:\000\040\000S\000o\000f\000t\000w\000a\000r\000e\000\040\000l\000i\000b\000r\000e}{subsection.5.2.1}% 129
\BOOKMARK [4][-]{paragraph*.120}{\376\377\000\277\000Q\000u\000\351\000\040\000e\000s\000\040\000e\000l\000\040\000s\000o\000f\000t\000w\000a\000r\000e\000?}{subsubsection*.119}% 130
\BOOKMARK [5][-]{subparagraph*.122}{\376\377\000T\000i\000p\000o\000s\000\040\000d\000e\000\040\000s\000o\000f\000t\000w\000a\000r\000e}{paragraph*.120}% 131
\BOOKMARK [5][-]{subparagraph*.123}{\376\377\000C\000l\000a\000s\000i\000f\000i\000c\000a\000c\000i\000\363\000n\000\040\000d\000e\000\040\000s\000o\000f\000t\000w\000a\000r\000e}{paragraph*.120}% 132
\BOOKMARK [4][-]{paragraph*.125}{\376\377\000S\000o\000f\000t\000w\000a\000r\000e\000\040\000l\000i\000b\000r\000e}{subsubsection*.119}% 133
\BOOKMARK [5][-]{subparagraph*.126}{\376\377\0004\000\040\000L\000i\000b\000e\000r\000t\000a\000d\000e\000s\000\040\000d\000e\000l\000\040\000s\000o\000f\000t\000w\000a\000r\000e\000\040\000l\000i\000b\000r\000e}{paragraph*.125}% 134
\BOOKMARK [4][-]{paragraph*.127}{\376\377\000E\000j\000e\000m\000p\000l\000o\000s\000\040\000d\000e\000\040\000s\000o\000f\000t\000w\000a\000r\000e\000\040\000l\000i\000b\000r\000e}{subsubsection*.119}% 135
\BOOKMARK [5][-]{subparagraph*.128}{\376\377\000S\000i\000s\000t\000e\000m\000a\000\040\000O\000p\000e\000r\000a\000t\000i\000v\000o\000\040\000G\000N\000U\000-\000L\000I\000N\000U\000X\000\040\000\050\000\044\0000\000\051}{paragraph*.127}% 136
\BOOKMARK [5][-]{subparagraph*.130}{\376\377\000N\000a\000v\000e\000g\000a\000d\000o\000r\000\040\000w\000e\000b\000\040\000M\000o\000z\000i\000l\000l\000a\000\040\000F\000I\000R\000E\000F\000O\000X\000\040\000\050\000\044\0000\000\051}{paragraph*.127}% 137
\BOOKMARK [5][-]{subparagraph*.132}{\376\377\000E\000d\000i\000t\000o\000r\000\040\000d\000e\000\040\000i\000m\000\341\000g\000e\000n\000e\000s\000\040\000G\000I\000M\000P\000\040\000\050\000\044\0000\000\051}{paragraph*.127}% 138
\BOOKMARK [5][-]{subparagraph*.134}{\376\377\000E\000d\000i\000t\000o\000r\000\040\000d\000e\000\040\000g\000r\000\341\000f\000i\000c\000o\000s\000\040\000v\000e\000c\000t\000o\000r\000i\000a\000l\000e\000s\000\040\000I\000N\000K\000S\000C\000A\000P\000E\000\040\000\050\000\044\0000\000\051}{paragraph*.127}% 139
\BOOKMARK [5][-]{subparagraph*.136}{\376\377\000R\000e\000p\000r\000o\000d\000u\000c\000t\000o\000r\000\040\000m\000u\000l\000t\000i\000m\000e\000d\000i\000a\000\040\000V\000L\000C\000\040\000\050\000\044\0000\000\051}{paragraph*.127}% 140
\BOOKMARK [5][-]{subparagraph*.138}{\376\377\000S\000u\000i\000t\000e\000\040\000d\000e\000\040\000c\000r\000e\000a\000c\000i\000\363\000n\000\040\0003\000D\000\040\000B\000L\000E\000N\000D\000E\000R\000\040\000\050\000\044\0000\000\051}{paragraph*.127}% 141
\BOOKMARK [5][-]{subparagraph*.140}{\376\377\000E\000d\000i\000c\000i\000\363\000n\000\040\000d\000e\000\040\000s\000o\000n\000i\000d\000o\000\040\000A\000u\000d\000a\000c\000i\000t\000y\000\040\000\050\000\044\0000\000\051}{paragraph*.127}% 142
\BOOKMARK [5][-]{subparagraph*.142}{\376\377\000S\000u\000i\000t\000e\000\040\000o\000f\000i\000m\000\341\000t\000i\000c\000a\000\040\000L\000i\000b\000r\000e\000o\000f\000f\000i\000c\000e\000\040\000\050\000\044\0000\000\051}{paragraph*.127}% 143
\BOOKMARK [4][-]{paragraph*.144}{\376\377\000S\000o\000f\000t\000w\000a\000r\000e\000\040\000p\000r\000o\000p\000i\000e\000t\000a\000r\000i\000o\000\040\000\330}{subsubsection*.119}% 144
\BOOKMARK [4][-]{paragraph*.145}{\376\377\000E\000j\000e\000m\000p\000l\000o\000s\000\040\000d\000e\000\040\000s\000o\000f\000t\000w\000a\000r\000e\000\040\000p\000r\000o\000p\000i\000e\000t\000a\000r\000i\000o}{subsubsection*.119}% 145
\BOOKMARK [5][-]{subparagraph*.146}{\376\377\000S\000i\000s\000t\000e\000m\000a\000\040\000o\000p\000e\000r\000a\000t\000i\000v\000o\000\040\000M\000i\000c\000r\000o\000s\000o\000f\000t\000\040\000W\000i\000n\000d\000o\000w\000s\000\040\000\050\000\044\0007\0006\0009\000,\0009\0009\0009\000\051}{paragraph*.145}% 146
\BOOKMARK [5][-]{subparagraph*.148}{\376\377\000M\000i\000c\000r\000o\000s\000o\000f\000t\000\040\000O\000f\000f\000i\000c\000e\000\040\000\050\000s\000u\000i\000t\000e\000\040\000o\000f\000i\000m\000\341\000t\000i\000c\000a\000\051\000\040\000\050\000\044\0004\0005\0009\000,\0009\0009\0009\000/\000a\000\361\000o\000\051}{paragraph*.145}% 147
\BOOKMARK [5][-]{subparagraph*.150}{\376\377\000A\000d\000o\000b\000e\000\040\000P\000h\000o\000t\000o\000s\000h\000o\000p\000\040\000\050\000e\000d\000i\000t\000o\000r\000\040\000d\000e\000\040\000i\000m\000\341\000g\000e\000n\000e\000s\000\051\000\040\000\050\000\044\0004\0008\000,\0009\0007\0001\000/\000m\000e\000s\000\051}{paragraph*.145}% 148
\BOOKMARK [5][-]{subparagraph*.152}{\376\377\000A\000u\000t\000o\000C\000A\000D\000\040\000\050\000s\000o\000f\000t\000w\000a\000r\000e\000\040\000d\000e\000\040\000d\000i\000s\000e\000\361\000o\000\051\000\040\000\050\000\044\0002\000,\0002\0000\0001\000,\0009\0009\0009\000/\000a\000\361\000o\000\051}{paragraph*.145}% 149
\BOOKMARK [4][-]{paragraph*.154}{\376\377\000S\000o\000f\000t\000w\000a\000r\000e\000\040\000P\000I\000R\000A\000T\000A\000!\000!\000!}{subsubsection*.119}% 150
\BOOKMARK [3][-]{subsubsection*.156}{\376\377\000T\0000\0003\000:\000\040\000L\000i\000b\000r\000e\000O\000f\000f\000i\000c\000e}{subsection.5.2.1}% 151
\BOOKMARK [4][-]{paragraph*.157}{\376\377\000S\000u\000i\000t\000e\000\040\000O\000f\000i\000m\000\341\000t\000i\000c\000a\000\040\000L\000i\000b\000r\000e\000O\000f\000f\000i\000c\000e}{subsubsection*.156}% 152
\BOOKMARK [4][-]{paragraph*.159}{\376\377\000E\000n\000t\000i\000d\000a\000d\000e\000s\000\040\000q\000u\000e\000\040\000u\000s\000a\000n\000\040\000L\000i\000b\000r\000e\000O\000f\000f\000i\000c\000e}{subsubsection*.156}% 153
\BOOKMARK [4][-]{paragraph*.161}{\376\377\000H\000e\000r\000r\000a\000m\000i\000e\000n\000t\000a\000s\000\040\000d\000e\000\040\000L\000i\000b\000r\000e\000O\000f\000f\000i\000c\000e}{subsubsection*.156}% 154
\BOOKMARK [5][-]{subparagraph*.162}{\376\377\000L\000i\000b\000r\000e\000O\000f\000f\000i\000c\000e\000\040\000W\000r\000i\000t\000e\000r\000\040\000\050\000p\000r\000o\000c\000e\000s\000a\000d\000o\000r\000\040\000d\000e\000\040\000t\000e\000x\000t\000o\000s\000\051}{paragraph*.161}% 155
\BOOKMARK [5][-]{subparagraph*.163}{\376\377\000L\000i\000b\000r\000e\000O\000f\000f\000i\000c\000e\000\040\000C\000a\000l\000c\000\040\000\050\000h\000o\000j\000a\000\040\000d\000e\000\040\000c\000\341\000l\000c\000u\000l\000o\000\051}{paragraph*.161}% 156
\BOOKMARK [5][-]{subparagraph*.164}{\376\377\000L\000i\000b\000r\000e\000O\000f\000f\000i\000c\000e\000\040\000I\000m\000p\000r\000e\000s\000s\000\040\000\050\000p\000r\000e\000s\000e\000n\000t\000a\000c\000i\000o\000n\000e\000s\000\051}{paragraph*.161}% 157
\BOOKMARK [5][-]{subparagraph*.165}{\376\377\000L\000i\000b\000r\000e\000O\000f\000f\000i\000c\000e\000\040\000D\000r\000a\000w\000\040\000\050\000D\000i\000b\000u\000j\000o\000\040\000v\000e\000c\000t\000o\000r\000i\000a\000l\000\051}{paragraph*.161}% 158
\BOOKMARK [5][-]{subparagraph*.166}{\376\377\000L\000i\000b\000r\000e\000O\000f\000f\000i\000c\000e\000\040\000B\000a\000s\000e\000\040\000\050\000B\000a\000s\000e\000s\000\040\000d\000e\000\040\000d\000a\000t\000o\000s\000\051}{paragraph*.161}% 159
\BOOKMARK [5][-]{subparagraph*.167}{\376\377\000L\000i\000b\000r\000e\000O\000f\000f\000i\000c\000e\000\040\000M\000a\000t\000h\000\040\000\050\000E\000d\000i\000t\000o\000r\000\040\000d\000e\000\040\000f\000\363\000r\000m\000u\000l\000a\000s\000\051}{paragraph*.161}% 160
\BOOKMARK [4][-]{paragraph*.168}{\376\377\000V\000e\000n\000t\000a\000j\000a\000s\000\040\000d\000e\000\040\000L\000i\000b\000r\000e\000O\000f\000f\000i\000c\000e}{subsubsection*.156}% 161
\BOOKMARK [0][-]{chapter.6}{\376\377\000O\000f\000i\000m\000\341\000t\000i\000c\000a\000\040\0001\0001}{}% 162
\BOOKMARK [1][-]{section.6.1}{\376\377\000P\000e\000r\000i\000o\000d\000o\000\040\0000\0001}{chapter.6}% 163
\BOOKMARK [2][-]{subsection.6.1.1}{\376\377\000C\000o\000n\000t\000e\000n\000i\000d\000o\000s}{section.6.1}% 164
\BOOKMARK [3][-]{subsubsection*.169}{\376\377\000G\000u\000\355\000a\000\040\0000\0001\000:\000\040\000C\000o\000n\000o\000c\000i\000m\000i\000e\000n\000t\000o\000s\000\040\000p\000r\000e\000v\000i\000o\000s}{subsection.6.1.1}% 165
\BOOKMARK [4][-]{paragraph*.170}{\376\377\000M\000e\000n\000s\000a\000j\000e\000\040\000d\000e\000l\000\040\000a\000u\000t\000o\000r}{subsubsection*.169}% 166
\BOOKMARK [4][-]{paragraph*.171}{\376\377\000A\0000\0000\000:\000\040\000I\000n\000t\000r\000o\000d\000u\000c\000c\000i\000\363\000n\000\040\000\050\000+\0000\000,\0001\000\051}{subsubsection*.169}% 167
\BOOKMARK [4][-]{paragraph*.172}{\376\377\000A\0000\0001\000:\000\040\000D\000a\000t\000o\000s\000,\000\040\000i\000n\000f\000o\000r\000m\000a\000c\000i\000\363\000n\000\040\000y\000\040\000j\000e\000r\000a\000r\000q\000u\000\355\000a\000\040\000d\000e\000\040\000d\000a\000t\000o\000s\000\040\000\050\000+\0000\000,\0001\000\051}{subsubsection*.169}% 168
\BOOKMARK [4][-]{paragraph*.173}{\376\377\000A\0000\0002\000:\000\040\000R\000e\000l\000a\000c\000i\000\363\000n\000\040\000e\000n\000t\000r\000e\000\040\000d\000a\000t\000o\000s\000\040\000e\000\040\000i\000n\000f\000o\000r\000m\000a\000c\000i\000\363\000n\000\040\000\050\000+\0000\000,\0002\000\051}{subsubsection*.169}% 169
\BOOKMARK [4][-]{paragraph*.174}{\376\377\000A\0000\0003\000:\000\040\000J\000e\000r\000a\000r\000q\000u\000\355\000a\000\040\000d\000e\000\040\000d\000a\000t\000o\000s\000\040\000\050\000+\0000\000,\0002\000\051}{subsubsection*.169}% 170
\BOOKMARK [4][-]{paragraph*.175}{\376\377\000A\0000\0004\000:\000\040\000C\000o\000n\000c\000e\000p\000t\000o\000\040\000d\000e\000\040\000h\000a\000r\000d\000w\000a\000r\000e\000\040\000\050\000R\000A\000M\000\040\000y\000\040\000C\000P\000U\000\051\000\040\000\050\000+\0000\000,\0001\000\051}{subsubsection*.169}% 171
\BOOKMARK [4][-]{paragraph*.176}{\376\377\000A\0000\0005\000:\000\040\000U\000t\000i\000l\000i\000d\000a\000d\000\040\000d\000e\000l\000\040\000h\000a\000r\000d\000w\000a\000r\000e\000\040\000\050\000+\0000\000,\0002\000\051}{subsubsection*.169}% 172
\BOOKMARK [4][-]{paragraph*.177}{\376\377\000A\0000\0006\000:\000\040\000C\000o\000n\000c\000e\000p\000t\000o\000\040\000d\000e\000\040\000s\000o\000f\000t\000w\000a\000r\000e\000\040\000\050\000+\0000\000,\0001\000\051}{subsubsection*.169}% 173
\BOOKMARK [4][-]{paragraph*.178}{\376\377\000A\0000\0007\000:\000\040\000C\000l\000a\000s\000i\000f\000i\000c\000a\000c\000i\000\363\000n\000\040\000d\000e\000l\000\040\000s\000o\000f\000t\000w\000a\000r\000e\000\040\000\050\000+\0000\000,\0002\000\051}{subsubsection*.169}% 174
\BOOKMARK [4][-]{paragraph*.179}{\376\377\000A\0000\0008\000:\000\040\000E\000x\000a\000m\000e\000n\000\040\000f\000i\000n\000a\000l\000\040\000\050\000+\0004\000,\0000\000\051}{subsubsection*.169}% 175
\BOOKMARK [3][-]{subsubsection*.180}{\376\377\000G\000u\000\355\000a\000\040\0000\0002\000:\000\040\000D\000i\000a\000g\000r\000a\000m\000a\000s\000\040\000d\000e\000\040\000f\000l\000u\000j\000o}{subsection.6.1.1}% 176
\BOOKMARK [4][-]{paragraph*.181}{\376\377\000M\000e\000n\000s\000a\000j\000e\000\040\000d\000e\000l\000\040\000a\000u\000t\000o\000r}{subsubsection*.180}% 177
\BOOKMARK [4][-]{paragraph*.182}{\376\377\000A\0000\0000\000:\000\040\000I\000n\000t\000r\000o\000d\000u\000c\000c\000i\000\363\000n\000\040\000\050\000+\0000\000,\0003\000\051}{subsubsection*.180}% 178
\BOOKMARK [4][-]{paragraph*.183}{\376\377\000A\0000\0001\000:\000\040\000D\000i\000a\000g\000r\000a\000m\000a\000s\000\040\000d\000e\000\040\000f\000l\000u\000j\000o\000\040\000\050\000+\0000\000,\0007\000\051}{subsubsection*.180}% 179
\BOOKMARK [4][-]{paragraph*.184}{\376\377\000A\0000\0002\000:\000\040\000O\000r\000i\000e\000n\000t\000a\000c\000i\000o\000n\000e\000s\000\040\000a\000l\000\040\000e\000x\000t\000r\000a\000n\000j\000e\000r\000o\000\040\000\050\000+\0001\000,\0000\000\051}{subsubsection*.180}% 180
\BOOKMARK [4][-]{paragraph*.185}{\376\377\000A\0000\0003\000:\000\040\000O\000r\000i\000e\000n\000t\000a\000c\000i\000o\000n\000e\000s\000\040\000s\000e\000g\000u\000r\000a\000s\000\040\000\050\000+\0003\000,\0000\000\051}{subsubsection*.180}% 181
\BOOKMARK [3][-]{subsubsection*.186}{\376\377\000G\000u\000\355\000a\000\040\0000\0003\000:\000\040\000D\000e\000s\000a\000r\000r\000o\000l\000l\000o\000\040\000d\000e\000\040\000a\000l\000g\000o\000r\000i\000t\000m\000o\000s}{subsection.6.1.1}% 182
\BOOKMARK [4][-]{paragraph*.187}{\376\377\000M\000e\000n\000s\000a\000j\000e\000\040\000d\000e\000l\000\040\000a\000u\000t\000o\000r}{subsubsection*.186}% 183
\BOOKMARK [4][-]{paragraph*.188}{\376\377\000A\0000\0000\000:\000\040\000I\000n\000t\000r\000o\000d\000u\000c\000c\000i\000\363\000n\000\040\000\050\000+\0000\000,\0002\000\051}{subsubsection*.186}% 184
\BOOKMARK [4][-]{paragraph*.189}{\376\377\000A\0000\0001\000:\000\040\000\277\000Q\000u\000\351\000\040\000s\000o\000n\000\040\000l\000o\000s\000\040\000a\000l\000g\000o\000r\000i\000t\000m\000o\000s\000?\000\040\000\050\000+\0000\000,\0002\000\051}{subsubsection*.186}% 185
\BOOKMARK [4][-]{paragraph*.190}{\376\377\000A\0000\0002\000:\000\040\000T\000i\000p\000o\000s\000\040\000d\000e\000l\000\040\000a\000l\000g\000o\000r\000i\000t\000m\000o\000s\000\040\000\050\000+\0000\000,\0002\000\051}{subsubsection*.186}% 186
\BOOKMARK [4][-]{paragraph*.191}{\376\377\000A\0000\0003\000:\000\040\000C\000l\000a\000s\000i\000f\000i\000c\000a\000c\000i\000\363\000n\000\040\000d\000e\000\040\000a\000l\000g\000o\000r\000i\000t\000m\000o\000s\000\040\000\050\000+\0000\000,\0002\000\051}{subsubsection*.186}% 187
\BOOKMARK [4][-]{paragraph*.192}{\376\377\000A\0000\0004\000:\000\040\000M\000e\000t\000o\000d\000o\000l\000o\000g\000\355\000a\000\040\000p\000a\000r\000a\000\040\000d\000e\000s\000a\000r\000r\000o\000l\000l\000a\000r\000\040\000u\000n\000\040\000a\000l\000g\000o\000r\000i\000t\000m\000o\000\040\000\050\000+\0000\000,\0002\000\051}{subsubsection*.186}% 188
\BOOKMARK [4][-]{paragraph*.193}{\376\377\000A\0000\0005\000:\000\040\000A\000l\000g\000o\000r\000i\000t\000m\000o\000s\000\040\000\050\000+\0004\000,\0000\000\051}{subsubsection*.186}% 189
\BOOKMARK [3][-]{subsubsection*.194}{\376\377\000P\000l\000a\000n\000\040\000d\000e\000\040\000r\000e\000f\000u\000e\000r\000z\000o\000\040\0000\0001}{subsection.6.1.1}% 190
\BOOKMARK [4][-]{paragraph*.195}{\376\377\000I\000n\000s\000t\000r\000u\000c\000c\000i\000\363\000n}{subsubsection*.194}% 191
\BOOKMARK [4][-]{paragraph*.196}{\376\377\000H\000a\000r\000d\000w\000a\000r\000e}{subsubsection*.194}% 192
\BOOKMARK [4][-]{paragraph*.197}{\376\377\000S\000o\000f\000t\000w\000a\000r\000e}{subsubsection*.194}% 193
\BOOKMARK [4][-]{paragraph*.198}{\376\377\000I\000n\000f\000o\000r\000m\000a\000c\000i\000\363\000n\000\040\000y\000\040\000d\000a\000t\000o\000s}{subsubsection*.194}% 194
\BOOKMARK [4][-]{paragraph*.199}{\376\377\000S\000o\000f\000t\000w\000a\000r\000e\000\040\000V\000s\000\040\000P\000r\000o\000g\000r\000a\000m\000a}{subsubsection*.194}% 195
\BOOKMARK [5][-]{subparagraph*.200}{\376\377\000S\000o\000f\000t\000w\000a\000r\000e}{paragraph*.199}% 196
\BOOKMARK [5][-]{subparagraph*.201}{\376\377\000P\000r\000o\000g\000r\000a\000m\000a}{paragraph*.199}% 197
\BOOKMARK [1][-]{section.6.2}{\376\377\000R\000e\000c\000u\000r\000s\000o\000s}{chapter.6}% 198
\BOOKMARK [2][-]{subsection.6.2.1}{\376\377\000C\000o\000n\000t\000e\000n\000i\000d\000o\000s}{section.6.2}% 199
\BOOKMARK [3][-]{subsubsection*.202}{\376\377\000T\0000\0001\000:\000\040\000C\000o\000n\000o\000c\000i\000m\000i\000e\000n\000t\000o\000s\000\040\000p\000r\000e\000v\000i\000o\000s}{subsection.6.2.1}% 200
\BOOKMARK [4][-]{paragraph*.203}{\376\377\000I\000n\000f\000o\000r\000m\000a\000c\000i\000\363\000n\000\040\000y\000\040\000D\000a\000t\000o\000s}{subsubsection*.202}% 201
\BOOKMARK [5][-]{subparagraph*.205}{\376\377\000D\000a\000t\000o\000s}{paragraph*.203}% 202
\BOOKMARK [5][-]{subparagraph*.206}{\376\377\000I\000n\000f\000o\000r\000m\000a\000c\000i\000\363\000n}{paragraph*.203}% 203
\BOOKMARK [4][-]{paragraph*.207}{\376\377\000V\000a\000l\000o\000r\000e\000s\000\040\000c\000u\000a\000n\000t\000i\000t\000a\000t\000i\000v\000o\000s\000\040\000y\000\040\000c\000u\000a\000l\000i\000t\000a\000t\000i\000v\000o\000s}{subsubsection*.202}% 204
\BOOKMARK [4][-]{paragraph*.208}{\376\377\000J\000e\000r\000a\000r\000q\000u\000\355\000a\000\040\000d\000e\000\040\000d\000a\000t\000o\000s}{subsubsection*.202}% 205
\BOOKMARK [4][-]{paragraph*.210}{\376\377\000H\000a\000r\000d\000w\000a\000r\000e}{subsubsection*.202}% 206
\BOOKMARK [5][-]{subparagraph*.211}{\376\377\000L\000a\000\040\000m\000e\000m\000o\000r\000i\000a\000\040\000R\000A\000M\000\040\000\050\000a\000c\000c\000e\000s\000o\000\040\000r\000\341\000p\000i\000d\000o\000\040\000a\000\040\000l\000o\000s\000\040\000d\000a\000t\000o\000s\000\051}{paragraph*.210}% 207
\BOOKMARK [5][-]{subparagraph*.212}{\376\377\000L\000a\000\040\000C\000P\000U\000\040\000\050\000p\000r\000o\000c\000e\000s\000a\000\040\000l\000o\000s\000\040\000d\000a\000t\000o\000s\000\051}{paragraph*.210}% 208
\BOOKMARK [4][-]{paragraph*.213}{\376\377\000S\000o\000f\000t\000w\000a\000r\000e}{subsubsection*.202}% 209
\BOOKMARK [4][-]{paragraph*.214}{\376\377\000S\000o\000f\000t\000w\000a\000r\000e\000\040\000V\000s\000\040\000P\000r\000o\000g\000r\000a\000m\000a}{subsubsection*.202}% 210
\BOOKMARK [3][-]{subsubsection*.215}{\376\377\000T\0000\0002\000:\000\040\000D\000i\000a\000g\000r\000a\000m\000a\000s\000\040\000d\000e\000\040\000f\000l\000u\000j\000o}{subsection.6.2.1}% 211
\BOOKMARK [4][-]{paragraph*.217}{\376\377\000O\000p\000e\000r\000a\000c\000i\000\363\000n}{subsubsection*.215}% 212
\BOOKMARK [4][-]{paragraph*.218}{\376\377\000L\000\355\000m\000i\000t\000e\000s\000\040\000d\000e\000\040\000p\000r\000o\000c\000e\000s\000o}{subsubsection*.215}% 213
\BOOKMARK [4][-]{paragraph*.219}{\376\377\000P\000u\000n\000t\000o\000\040\000d\000e\000\040\000d\000e\000c\000i\000s\000i\000\363\000n}{subsubsection*.215}% 214
\BOOKMARK [4][-]{paragraph*.220}{\376\377\000C\000o\000n\000e\000c\000t\000o\000r}{subsubsection*.215}% 215
\BOOKMARK [4][-]{paragraph*.221}{\376\377\000D\000i\000r\000e\000c\000c\000i\000\363\000n\000\040\000d\000e\000\040\000f\000l\000u\000j\000o}{subsubsection*.215}% 216
\BOOKMARK [4][-]{paragraph*.222}{\376\377\000E\000n\000t\000r\000a\000d\000a\000\040\000m\000a\000n\000u\000a\000l}{subsubsection*.215}% 217
\BOOKMARK [4][-]{paragraph*.223}{\376\377\000D\000o\000c\000u\000m\000e\000n\000t\000o}{subsubsection*.215}% 218
\BOOKMARK [4][-]{paragraph*.224}{\376\377\000B\000a\000s\000e\000\040\000d\000e\000\040\000d\000a\000t\000o\000s}{subsubsection*.215}% 219
\BOOKMARK [3][-]{subsubsection*.225}{\376\377\000T\0000\0003\000:\000\040\000A\000l\000g\000o\000r\000i\000t\000m\000o\000s}{subsection.6.2.1}% 220
\BOOKMARK [4][-]{paragraph*.227}{\376\377\000T\000i\000p\000o\000s\000\040\000d\000e\000\040\000a\000l\000g\000o\000r\000i\000t\000m\000o\000s}{subsubsection*.225}% 221
\BOOKMARK [5][-]{subparagraph*.228}{\376\377\000A\000l\000g\000o\000r\000i\000t\000m\000o\000s\000\040\000c\000u\000a\000l\000i\000t\000a\000t\000i\000v\000o\000s\000\040\000\050\000i\000n\000f\000o\000r\000m\000a\000l\000e\000s\000\051}{paragraph*.227}% 222
\BOOKMARK [5][-]{subparagraph*.229}{\376\377\000A\000l\000g\000o\000r\000i\000t\000m\000o\000s\000\040\000c\000u\000a\000n\000t\000i\000t\000a\000t\000i\000v\000o\000s\000\040\000\050\000f\000o\000r\000m\000a\000l\000e\000s\000\051}{paragraph*.227}% 223
\BOOKMARK [4][-]{paragraph*.230}{\376\377\000M\000e\000t\000o\000d\000o\000l\000o\000g\000\355\000a\000\040\000p\000a\000r\000a\000\040\000d\000e\000s\000a\000r\000r\000o\000l\000l\000a\000r\000\040\000u\000n\000\040\000a\000l\000g\000o\000r\000i\000t\000m\000o}{subsubsection*.225}% 224
\BOOKMARK [4][-]{paragraph*.231}{\376\377\000A\000l\000g\000o\000r\000i\000t\000m\000o\000\040\000p\000a\000r\000a\000\040\000i\000r\000\040\000a\000l\000\040\000c\000o\000l\000e\000g\000i\000o\000\040\000\050\000e\000j\000e\000m\000p\000l\000o\000\051}{subsubsection*.225}% 225
\BOOKMARK [5][-]{subparagraph*.232}{\376\377\000F\000A\000S\000E\000\040\0000\0001\000:\000\040\000A\000n\000\341\000l\000i\000s\000i\000s\000\040\000d\000e\000\040\000r\000e\000q\000u\000i\000s\000i\000t\000o\000s}{paragraph*.231}% 226
\BOOKMARK [5][-]{subparagraph*.233}{\376\377\000F\000A\000S\000E\000\040\0000\0002\000:\000\040\000D\000i\000s\000e\000\361\000o\000\040\000d\000e\000l\000\040\000a\000l\000g\000o\000r\000i\000t\000m\000o}{paragraph*.231}% 227
\BOOKMARK [5][-]{subparagraph*.234}{\376\377\000F\000A\000S\000E\000\040\0000\0003\000:\000\040\000C\000o\000n\000s\000t\000r\000u\000c\000c\000i\000\363\000n\000\040\000d\000e\000l\000\040\000a\000l\000g\000o\000r\000i\000t\000m\000o}{paragraph*.231}% 228
\BOOKMARK [0][-]{chapter.7}{\376\377\000R\000e\000f\000e\000r\000e\000n\000c\000i\000a\000s}{}% 229
\BOOKMARK [0][-]{chapter.8}{\376\377\000D\000e\000s\000c\000a\000r\000g\000a\000s}{}% 230
\BOOKMARK [1][-]{section.8.1}{\376\377\000I\000n\000s\000t\000i\000t\000u\000c\000i\000o\000n\000a\000l}{chapter.8}% 231
\BOOKMARK [1][-]{section.8.2}{\376\377\000P\000r\000o\000y\000e\000c\000t\000o\000\040\000d\000e\000\040\000g\000r\000a\000d\000o}{chapter.8}% 232
